14:57:46:831  INFO 23228 --- [nacos-grpc-client-executor-73117] com.alibaba.nacos.common.remote.client   : [9d69e6d9-611f-4488-9ae7-ddc17b1ddc35] Receive server push request, request = NotifySubscriberRequest, requestId = 749
14:57:46:839  INFO 23228 --- [nacos-grpc-client-executor-73117] com.alibaba.nacos.common.remote.client   : [9d69e6d9-611f-4488-9ae7-ddc17b1ddc35] Ack server push request, request = NotifySubscriberRequest, requestId = 749
14:59:38:657  INFO 23228 --- [nacos-grpc-client-executor-73142] com.alibaba.nacos.common.remote.client   : [9d69e6d9-611f-4488-9ae7-ddc17b1ddc35] Receive server push request, request = NotifySubscriberRequest, requestId = 751
14:59:38:658  INFO 23228 --- [nacos-grpc-client-executor-73142] com.alibaba.nacos.common.remote.client   : [9d69e6d9-611f-4488-9ae7-ddc17b1ddc35] Ack server push request, request = NotifySubscriberRequest, requestId = 751
14:59:52:136  INFO 23228 --- [nacos-grpc-client-executor-73146] com.alibaba.nacos.common.remote.client   : [9d69e6d9-611f-4488-9ae7-ddc17b1ddc35] Receive server push request, request = NotifySubscriberRequest, requestId = 754
14:59:52:137  INFO 23228 --- [nacos-grpc-client-executor-73146] com.alibaba.nacos.common.remote.client   : [9d69e6d9-611f-4488-9ae7-ddc17b1ddc35] Ack server push request, request = NotifySubscriberRequest, requestId = 754
15:13:03:115  INFO 23228 --- [nacos-grpc-client-executor-73305] com.alibaba.nacos.common.remote.client   : [9d69e6d9-611f-4488-9ae7-ddc17b1ddc35] Receive server push request, request = NotifySubscriberRequest, requestId = 760
15:13:03:116  INFO 23228 --- [nacos-grpc-client-executor-73305] com.alibaba.nacos.common.remote.client   : [9d69e6d9-611f-4488-9ae7-ddc17b1ddc35] Ack server push request, request = NotifySubscriberRequest, requestId = 760
15:13:16:303  INFO 23228 --- [nacos-grpc-client-executor-73308] com.alibaba.nacos.common.remote.client   : [9d69e6d9-611f-4488-9ae7-ddc17b1ddc35] Receive server push request, request = NotifySubscriberRequest, requestId = 763
15:13:16:304  INFO 23228 --- [nacos-grpc-client-executor-73308] com.alibaba.nacos.common.remote.client   : [9d69e6d9-611f-4488-9ae7-ddc17b1ddc35] Ack server push request, request = NotifySubscriberRequest, requestId = 763
15:15:28:277  INFO 23228 --- [nacos-grpc-client-executor-73335] com.alibaba.nacos.common.remote.client   : [9d69e6d9-611f-4488-9ae7-ddc17b1ddc35] Receive server push request, request = NotifySubscriberRequest, requestId = 766
15:15:28:277  INFO 23228 --- [nacos-grpc-client-executor-73335] com.alibaba.nacos.common.remote.client   : [9d69e6d9-611f-4488-9ae7-ddc17b1ddc35] Ack server push request, request = NotifySubscriberRequest, requestId = 766
15:18:01:727  INFO 23228 --- [nacos-grpc-client-executor-73366] com.alibaba.nacos.common.remote.client   : [9d69e6d9-611f-4488-9ae7-ddc17b1ddc35] Receive server push request, request = NotifySubscriberRequest, requestId = 769
15:18:01:729  INFO 23228 --- [nacos-grpc-client-executor-73366] com.alibaba.nacos.common.remote.client   : [9d69e6d9-611f-4488-9ae7-ddc17b1ddc35] Ack server push request, request = NotifySubscriberRequest, requestId = 769
15:19:29:780  INFO 23228 --- [nacos-grpc-client-executor-73384] com.alibaba.nacos.common.remote.client   : [9d69e6d9-611f-4488-9ae7-ddc17b1ddc35] Receive server push request, request = NotifySubscriberRequest, requestId = 773
15:19:29:781  INFO 23228 --- [nacos-grpc-client-executor-73384] com.alibaba.nacos.common.remote.client   : [9d69e6d9-611f-4488-9ae7-ddc17b1ddc35] Ack server push request, request = NotifySubscriberRequest, requestId = 773
15:24:47:764  WARN 23228 --- [Thread-5] c.a.nacos.common.notify.NotifyCenter     : [NotifyCenter] Start destroying Publisher
15:24:47:765  WARN 23228 --- [Thread-5] c.a.nacos.common.notify.NotifyCenter     : [NotifyCenter] Destruction of the end
15:24:47:765  WARN 23228 --- [Thread-1] c.a.n.common.http.HttpClientBeanHolder   : [HttpClientBeanHolder] Start destroying common HttpClient
15:24:47:776  WARN 23228 --- [Thread-1] c.a.n.common.http.HttpClientBeanHolder   : [HttpClientBeanHolder] Destruction of the end
15:24:47:954  INFO 23228 --- [SpringApplicationShutdownHook] c.a.c.n.registry.NacosServiceRegistry    : De-registering from Nacos Server now...
15:24:47:957  INFO 23228 --- [SpringApplicationShutdownHook] c.a.c.n.registry.NacosServiceRegistry    : De-registration finished.
15:24:48:268  INFO 23228 --- [SpringApplicationShutdownHook] com.alibaba.nacos.common.remote.client   : Shutdown rpc client, set status to shutdown
15:24:48:268  INFO 23228 --- [SpringApplicationShutdownHook] com.alibaba.nacos.common.remote.client   : Shutdown client event executor java.util.concurrent.ScheduledThreadPoolExecutor@207feea0[Running, pool size = 2, active threads = 2, queued tasks = 0, completed tasks = 0]
15:24:48:268  INFO 23228 --- [SpringApplicationShutdownHook] com.alibaba.nacos.common.remote.client   : Close current connection 1730344825477_192.168.154.1_61826
15:24:48:269  INFO 23228 --- [SpringApplicationShutdownHook] c.a.n.c.remote.client.grpc.GrpcClient    : Shutdown grpc executor java.util.concurrent.ThreadPoolExecutor@625ef5e7[Running, pool size = 4, active threads = 0, queued tasks = 0, completed tasks = 73450]
15:24:56:695  INFO 1800 --- [main] com.hmall.gateway.GatewayApplication     : The following 1 profile is active: "dev"
15:24:57:210  INFO 1800 --- [main] o.s.cloud.context.scope.GenericScope     : BeanFactory id=e23cb0e5-f232-39a2-800b-3d1e692e6669
15:24:57:250  INFO 1800 --- [main] trationDelegate$BeanPostProcessorChecker : Bean 'org.springframework.cloud.client.loadbalancer.reactive.LoadBalancerBeanPostProcessorAutoConfiguration' of type [org.springframework.cloud.client.loadbalancer.reactive.LoadBalancerBeanPostProcessorAutoConfiguration] is not eligible for getting processed by all BeanPostProcessors (for example: not eligible for auto-proxying)
15:24:57:251  INFO 1800 --- [main] trationDelegate$BeanPostProcessorChecker : Bean 'org.springframework.cloud.client.loadbalancer.reactive.LoadBalancerBeanPostProcessorAutoConfiguration$ReactorDeferringLoadBalancerFilterConfig' of type [org.springframework.cloud.client.loadbalancer.reactive.LoadBalancerBeanPostProcessorAutoConfiguration$ReactorDeferringLoadBalancerFilterConfig] is not eligible for getting processed by all BeanPostProcessors (for example: not eligible for auto-proxying)
15:24:57:252  INFO 1800 --- [main] trationDelegate$BeanPostProcessorChecker : Bean 'reactorDeferringLoadBalancerExchangeFilterFunction' of type [org.springframework.cloud.client.loadbalancer.reactive.DeferringLoadBalancerExchangeFilterFunction] is not eligible for getting processed by all BeanPostProcessors (for example: not eligible for auto-proxying)
15:24:57:395  INFO 1800 --- [main] o.s.b.w.embedded.tomcat.TomcatWebServer  : Tomcat initialized with port(s): 8080 (http)
15:24:57:404  INFO 1800 --- [main] o.apache.catalina.core.StandardService   : Starting service [Tomcat]
15:24:57:404  INFO 1800 --- [main] org.apache.catalina.core.StandardEngine  : Starting Servlet engine: [Apache Tomcat/9.0.83]
15:24:59:161  INFO 1800 --- [main] o.s.cloud.commons.util.InetUtils         : Cannot determine local hostname
15:25:00:291  INFO 1800 --- [main] o.s.cloud.commons.util.InetUtils         : Cannot determine local hostname
15:25:00:659  INFO 1800 --- [main] o.s.c.g.r.RouteDefinitionRouteLocator    : Loaded RoutePredicateFactory [After]
15:25:00:659  INFO 1800 --- [main] o.s.c.g.r.RouteDefinitionRouteLocator    : Loaded RoutePredicateFactory [Before]
15:25:00:660  INFO 1800 --- [main] o.s.c.g.r.RouteDefinitionRouteLocator    : Loaded RoutePredicateFactory [Between]
15:25:00:660  INFO 1800 --- [main] o.s.c.g.r.RouteDefinitionRouteLocator    : Loaded RoutePredicateFactory [Cookie]
15:25:00:660  INFO 1800 --- [main] o.s.c.g.r.RouteDefinitionRouteLocator    : Loaded RoutePredicateFactory [Header]
15:25:00:660  INFO 1800 --- [main] o.s.c.g.r.RouteDefinitionRouteLocator    : Loaded RoutePredicateFactory [Host]
15:25:00:660  INFO 1800 --- [main] o.s.c.g.r.RouteDefinitionRouteLocator    : Loaded RoutePredicateFactory [Method]
15:25:00:660  INFO 1800 --- [main] o.s.c.g.r.RouteDefinitionRouteLocator    : Loaded RoutePredicateFactory [Path]
15:25:00:660  INFO 1800 --- [main] o.s.c.g.r.RouteDefinitionRouteLocator    : Loaded RoutePredicateFactory [Query]
15:25:00:660  INFO 1800 --- [main] o.s.c.g.r.RouteDefinitionRouteLocator    : Loaded RoutePredicateFactory [ReadBody]
15:25:00:660  INFO 1800 --- [main] o.s.c.g.r.RouteDefinitionRouteLocator    : Loaded RoutePredicateFactory [RemoteAddr]
15:25:00:660  INFO 1800 --- [main] o.s.c.g.r.RouteDefinitionRouteLocator    : Loaded RoutePredicateFactory [XForwardedRemoteAddr]
15:25:00:660  INFO 1800 --- [main] o.s.c.g.r.RouteDefinitionRouteLocator    : Loaded RoutePredicateFactory [Weight]
15:25:00:660  INFO 1800 --- [main] o.s.c.g.r.RouteDefinitionRouteLocator    : Loaded RoutePredicateFactory [CloudFoundryRouteService]
15:25:02:138  INFO 1800 --- [main] o.s.cloud.commons.util.InetUtils         : Cannot determine local hostname
15:25:02:355  INFO 1800 --- [main] com.alibaba.nacos.common.remote.client   : [RpcClientFactory] create a new rpc client of 101f7740-9201-492d-b2a4-9b18d83f22c0
15:25:02:356  INFO 1800 --- [main] com.alibaba.nacos.common.remote.client   : [101f7740-9201-492d-b2a4-9b18d83f22c0] RpcClient init label, labels = {module=naming, source=sdk}
15:25:02:357  INFO 1800 --- [main] com.alibaba.nacos.common.remote.client   : [101f7740-9201-492d-b2a4-9b18d83f22c0] RpcClient init, ServerListFactory = com.alibaba.nacos.client.naming.core.ServerListManager
15:25:02:357  INFO 1800 --- [main] com.alibaba.nacos.common.remote.client   : [101f7740-9201-492d-b2a4-9b18d83f22c0] Registry connection listener to current client:com.alibaba.nacos.client.naming.remote.gprc.redo.NamingGrpcRedoService
15:25:02:357  INFO 1800 --- [main] com.alibaba.nacos.common.remote.client   : [101f7740-9201-492d-b2a4-9b18d83f22c0] Register server push request handler:com.alibaba.nacos.client.naming.remote.gprc.NamingPushRequestHandler
15:25:02:357  INFO 1800 --- [main] com.alibaba.nacos.common.remote.client   : [101f7740-9201-492d-b2a4-9b18d83f22c0] Try to connect to server on start up, server: {serverIp = '192.168.154.128', server main port = 8848}
15:25:02:471  INFO 1800 --- [main] com.alibaba.nacos.common.remote.client   : [101f7740-9201-492d-b2a4-9b18d83f22c0] Success to connect to server [192.168.154.128:8848] on start up, connectionId = 1730445902347_192.168.154.1_64161
15:25:02:471  INFO 1800 --- [main] com.alibaba.nacos.common.remote.client   : [101f7740-9201-492d-b2a4-9b18d83f22c0] Register server push request handler:com.alibaba.nacos.common.remote.client.RpcClient$ConnectResetRequestHandler
15:25:02:471  INFO 1800 --- [main] com.alibaba.nacos.common.remote.client   : [101f7740-9201-492d-b2a4-9b18d83f22c0] Register server push request handler:com.alibaba.nacos.common.remote.client.RpcClient$$Lambda$473/0x0000000800423040
15:25:02:471  INFO 1800 --- [com.alibaba.nacos.client.remote.worker] com.alibaba.nacos.common.remote.client   : [101f7740-9201-492d-b2a4-9b18d83f22c0] Notify connected event to listeners.
15:25:02:508  INFO 1800 --- [main] o.s.b.w.embedded.tomcat.TomcatWebServer  : Tomcat started on port(s): 8080 (http) with context path ''
15:25:03:040  INFO 1800 --- [nacos-grpc-client-executor-6] com.alibaba.nacos.common.remote.client   : [101f7740-9201-492d-b2a4-9b18d83f22c0] Receive server push request, request = NotifySubscriberRequest, requestId = 781
15:25:03:041  INFO 1800 --- [nacos-grpc-client-executor-6] com.alibaba.nacos.common.remote.client   : [101f7740-9201-492d-b2a4-9b18d83f22c0] Ack server push request, request = NotifySubscriberRequest, requestId = 781
15:25:03:604  INFO 1800 --- [main] o.s.cloud.commons.util.InetUtils         : Cannot determine local hostname
15:25:04:689  INFO 1800 --- [main] o.s.cloud.commons.util.InetUtils         : Cannot determine local hostname
15:25:04:695  INFO 1800 --- [main] c.a.c.n.registry.NacosServiceRegistry    : nacos registry, DEFAULT_GROUP gateway 192.168.154.1:8080 register finished
15:25:04:709  INFO 1800 --- [main] com.hmall.gateway.GatewayApplication     : Started GatewayApplication in 11.932 seconds (JVM running for 12.483)
15:25:04:711  INFO 1800 --- [main] c.a.c.n.refresh.NacosContextRefresher    : [Nacos Config] Listening config: dataId=gateway.yaml, group=DEFAULT_GROUP
15:25:04:712  INFO 1800 --- [main] c.a.c.n.refresh.NacosContextRefresher    : [Nacos Config] Listening config: dataId=gateway-dev.yaml, group=DEFAULT_GROUP
15:25:04:712  INFO 1800 --- [main] c.a.c.n.refresh.NacosContextRefresher    : [Nacos Config] Listening config: dataId=gateway, group=DEFAULT_GROUP
15:25:05:258  INFO 1800 --- [nacos-grpc-client-executor-9] com.alibaba.nacos.common.remote.client   : [101f7740-9201-492d-b2a4-9b18d83f22c0] Receive server push request, request = NotifySubscriberRequest, requestId = 784
15:25:05:261  INFO 1800 --- [nacos-grpc-client-executor-9] com.alibaba.nacos.common.remote.client   : [101f7740-9201-492d-b2a4-9b18d83f22c0] Ack server push request, request = NotifySubscriberRequest, requestId = 784
15:25:25:568  INFO 1800 --- [nacos-grpc-client-executor-16] com.alibaba.nacos.common.remote.client   : [101f7740-9201-492d-b2a4-9b18d83f22c0] Receive server push request, request = NotifySubscriberRequest, requestId = 791
15:25:25:569  INFO 1800 --- [nacos-grpc-client-executor-16] com.alibaba.nacos.common.remote.client   : [101f7740-9201-492d-b2a4-9b18d83f22c0] Ack server push request, request = NotifySubscriberRequest, requestId = 791
15:25:31:746  INFO 1800 --- [nacos-grpc-client-executor-19] com.alibaba.nacos.common.remote.client   : [101f7740-9201-492d-b2a4-9b18d83f22c0] Receive server push request, request = NotifySubscriberRequest, requestId = 792
15:25:31:748  INFO 1800 --- [nacos-grpc-client-executor-19] com.alibaba.nacos.common.remote.client   : [101f7740-9201-492d-b2a4-9b18d83f22c0] Ack server push request, request = NotifySubscriberRequest, requestId = 792
15:25:36:379  INFO 1800 --- [nacos-grpc-client-executor-22] com.alibaba.nacos.common.remote.client   : [101f7740-9201-492d-b2a4-9b18d83f22c0] Receive server push request, request = NotifySubscriberRequest, requestId = 794
15:25:36:379  INFO 1800 --- [nacos-grpc-client-executor-22] com.alibaba.nacos.common.remote.client   : [101f7740-9201-492d-b2a4-9b18d83f22c0] Ack server push request, request = NotifySubscriberRequest, requestId = 794
15:30:14:891  INFO 1800 --- [nacos-grpc-client-executor-79] com.alibaba.nacos.common.remote.client   : [101f7740-9201-492d-b2a4-9b18d83f22c0] Receive server push request, request = NotifySubscriberRequest, requestId = 795
15:30:14:892  INFO 1800 --- [nacos-grpc-client-executor-79] com.alibaba.nacos.common.remote.client   : [101f7740-9201-492d-b2a4-9b18d83f22c0] Ack server push request, request = NotifySubscriberRequest, requestId = 795
15:30:29:191  INFO 1800 --- [nacos-grpc-client-executor-82] com.alibaba.nacos.common.remote.client   : [101f7740-9201-492d-b2a4-9b18d83f22c0] Receive server push request, request = NotifySubscriberRequest, requestId = 799
15:30:29:192  INFO 1800 --- [nacos-grpc-client-executor-82] com.alibaba.nacos.common.remote.client   : [101f7740-9201-492d-b2a4-9b18d83f22c0] Ack server push request, request = NotifySubscriberRequest, requestId = 799
15:31:47:693  INFO 1800 --- [nacos-grpc-client-executor-99] com.alibaba.nacos.common.remote.client   : [101f7740-9201-492d-b2a4-9b18d83f22c0] Receive server push request, request = NotifySubscriberRequest, requestId = 800
15:31:47:694  INFO 1800 --- [nacos-grpc-client-executor-99] com.alibaba.nacos.common.remote.client   : [101f7740-9201-492d-b2a4-9b18d83f22c0] Ack server push request, request = NotifySubscriberRequest, requestId = 800
15:37:09:855  INFO 1800 --- [nacos-grpc-client-executor-164] com.alibaba.nacos.common.remote.client   : [101f7740-9201-492d-b2a4-9b18d83f22c0] Receive server push request, request = NotifySubscriberRequest, requestId = 802
15:37:09:856  INFO 1800 --- [nacos-grpc-client-executor-164] com.alibaba.nacos.common.remote.client   : [101f7740-9201-492d-b2a4-9b18d83f22c0] Ack server push request, request = NotifySubscriberRequest, requestId = 802
15:38:46:550  INFO 1800 --- [nacos-grpc-client-executor-185] com.alibaba.nacos.common.remote.client   : [101f7740-9201-492d-b2a4-9b18d83f22c0] Receive server push request, request = NotifySubscriberRequest, requestId = 806
15:38:46:551  INFO 1800 --- [nacos-grpc-client-executor-185] com.alibaba.nacos.common.remote.client   : [101f7740-9201-492d-b2a4-9b18d83f22c0] Ack server push request, request = NotifySubscriberRequest, requestId = 806
15:43:48:261  INFO 1800 --- [nacos-grpc-client-executor-249] com.alibaba.nacos.common.remote.client   : [101f7740-9201-492d-b2a4-9b18d83f22c0] Receive server push request, request = NotifySubscriberRequest, requestId = 808
15:43:48:262  INFO 1800 --- [nacos-grpc-client-executor-249] com.alibaba.nacos.common.remote.client   : [101f7740-9201-492d-b2a4-9b18d83f22c0] Ack server push request, request = NotifySubscriberRequest, requestId = 808
15:44:21:345  INFO 1800 --- [nacos-grpc-client-executor-255] com.alibaba.nacos.common.remote.client   : [101f7740-9201-492d-b2a4-9b18d83f22c0] Receive server push request, request = NotifySubscriberRequest, requestId = 811
15:44:21:346  INFO 1800 --- [nacos-grpc-client-executor-255] com.alibaba.nacos.common.remote.client   : [101f7740-9201-492d-b2a4-9b18d83f22c0] Ack server push request, request = NotifySubscriberRequest, requestId = 811
15:44:29:335  INFO 1800 --- [nacos-grpc-client-executor-258] com.alibaba.nacos.common.remote.client   : [101f7740-9201-492d-b2a4-9b18d83f22c0] Receive server push request, request = NotifySubscriberRequest, requestId = 813
15:44:29:335  INFO 1800 --- [nacos-grpc-client-executor-258] com.alibaba.nacos.common.remote.client   : [101f7740-9201-492d-b2a4-9b18d83f22c0] Ack server push request, request = NotifySubscriberRequest, requestId = 813
15:45:02:805  INFO 1800 --- [nacos-grpc-client-executor-266] com.alibaba.nacos.common.remote.client   : [101f7740-9201-492d-b2a4-9b18d83f22c0] Receive server push request, request = NotifySubscriberRequest, requestId = 815
15:45:02:806  INFO 1800 --- [nacos-grpc-client-executor-266] com.alibaba.nacos.common.remote.client   : [101f7740-9201-492d-b2a4-9b18d83f22c0] Ack server push request, request = NotifySubscriberRequest, requestId = 815
16:06:13:291  INFO 1800 --- [nacos-grpc-client-executor-547] com.alibaba.nacos.common.remote.client   : [101f7740-9201-492d-b2a4-9b18d83f22c0] Receive server push request, request = NotifySubscriberRequest, requestId = 817
16:06:13:292  INFO 1800 --- [nacos-grpc-client-executor-547] com.alibaba.nacos.common.remote.client   : [101f7740-9201-492d-b2a4-9b18d83f22c0] Ack server push request, request = NotifySubscriberRequest, requestId = 817
16:06:56:854  INFO 1800 --- [nacos-grpc-client-executor-557] com.alibaba.nacos.common.remote.client   : [101f7740-9201-492d-b2a4-9b18d83f22c0] Receive server push request, request = NotifySubscriberRequest, requestId = 819
16:06:56:855  INFO 1800 --- [nacos-grpc-client-executor-557] com.alibaba.nacos.common.remote.client   : [101f7740-9201-492d-b2a4-9b18d83f22c0] Ack server push request, request = NotifySubscriberRequest, requestId = 819
16:07:09:471  INFO 1800 --- [nacos-grpc-client-executor-560] com.alibaba.nacos.common.remote.client   : [101f7740-9201-492d-b2a4-9b18d83f22c0] Receive server push request, request = NotifySubscriberRequest, requestId = 822
16:07:09:472  INFO 1800 --- [nacos-grpc-client-executor-560] com.alibaba.nacos.common.remote.client   : [101f7740-9201-492d-b2a4-9b18d83f22c0] Ack server push request, request = NotifySubscriberRequest, requestId = 822
16:07:16:718  INFO 1800 --- [nacos-grpc-client-executor-561] com.alibaba.nacos.common.remote.client   : [101f7740-9201-492d-b2a4-9b18d83f22c0] Receive server push request, request = NotifySubscriberRequest, requestId = 824
16:07:16:719  INFO 1800 --- [nacos-grpc-client-executor-561] com.alibaba.nacos.common.remote.client   : [101f7740-9201-492d-b2a4-9b18d83f22c0] Ack server push request, request = NotifySubscriberRequest, requestId = 824
16:08:49:820  INFO 1800 --- [nacos-grpc-client-executor-583] com.alibaba.nacos.common.remote.client   : [101f7740-9201-492d-b2a4-9b18d83f22c0] Receive server push request, request = NotifySubscriberRequest, requestId = 827
16:08:49:821  INFO 1800 --- [nacos-grpc-client-executor-583] com.alibaba.nacos.common.remote.client   : [101f7740-9201-492d-b2a4-9b18d83f22c0] Ack server push request, request = NotifySubscriberRequest, requestId = 827
16:09:18:222  INFO 1800 --- [nacos-grpc-client-executor-588] com.alibaba.nacos.common.remote.client   : [101f7740-9201-492d-b2a4-9b18d83f22c0] Receive server push request, request = NotifySubscriberRequest, requestId = 829
16:09:18:223  INFO 1800 --- [nacos-grpc-client-executor-588] com.alibaba.nacos.common.remote.client   : [101f7740-9201-492d-b2a4-9b18d83f22c0] Ack server push request, request = NotifySubscriberRequest, requestId = 829
16:13:31:106  INFO 1800 --- [nacos-grpc-client-executor-647] com.alibaba.nacos.common.remote.client   : [101f7740-9201-492d-b2a4-9b18d83f22c0] Receive server push request, request = NotifySubscriberRequest, requestId = 832
16:13:31:107  INFO 1800 --- [nacos-grpc-client-executor-647] com.alibaba.nacos.common.remote.client   : [101f7740-9201-492d-b2a4-9b18d83f22c0] Ack server push request, request = NotifySubscriberRequest, requestId = 832
16:14:20:546  INFO 1800 --- [nacos-grpc-client-executor-659] com.alibaba.nacos.common.remote.client   : [101f7740-9201-492d-b2a4-9b18d83f22c0] Receive server push request, request = NotifySubscriberRequest, requestId = 840
16:14:20:547  INFO 1800 --- [nacos-grpc-client-executor-659] com.alibaba.nacos.common.remote.client   : [101f7740-9201-492d-b2a4-9b18d83f22c0] Ack server push request, request = NotifySubscriberRequest, requestId = 840
16:21:19:258  INFO 1800 --- [nacos-grpc-client-executor-757] com.alibaba.nacos.common.remote.client   : [101f7740-9201-492d-b2a4-9b18d83f22c0] Receive server push request, request = NotifySubscriberRequest, requestId = 842
16:21:19:259  INFO 1800 --- [nacos-grpc-client-executor-757] com.alibaba.nacos.common.remote.client   : [101f7740-9201-492d-b2a4-9b18d83f22c0] Ack server push request, request = NotifySubscriberRequest, requestId = 842
16:21:30:551  INFO 1800 --- [nacos-grpc-client-executor-760] com.alibaba.nacos.common.remote.client   : [101f7740-9201-492d-b2a4-9b18d83f22c0] Receive server push request, request = NotifySubscriberRequest, requestId = 844
16:21:30:552  INFO 1800 --- [nacos-grpc-client-executor-760] com.alibaba.nacos.common.remote.client   : [101f7740-9201-492d-b2a4-9b18d83f22c0] Ack server push request, request = NotifySubscriberRequest, requestId = 844
16:24:22:574  INFO 1800 --- [nacos-grpc-client-executor-799] com.alibaba.nacos.common.remote.client   : [101f7740-9201-492d-b2a4-9b18d83f22c0] Receive server push request, request = NotifySubscriberRequest, requestId = 847
16:24:22:575  INFO 1800 --- [nacos-grpc-client-executor-799] com.alibaba.nacos.common.remote.client   : [101f7740-9201-492d-b2a4-9b18d83f22c0] Ack server push request, request = NotifySubscriberRequest, requestId = 847
16:25:00:866  INFO 1800 --- [nacos-grpc-client-executor-808] com.alibaba.nacos.common.remote.client   : [101f7740-9201-492d-b2a4-9b18d83f22c0] Receive server push request, request = NotifySubscriberRequest, requestId = 856
16:25:00:867  INFO 1800 --- [nacos-grpc-client-executor-808] com.alibaba.nacos.common.remote.client   : [101f7740-9201-492d-b2a4-9b18d83f22c0] Ack server push request, request = NotifySubscriberRequest, requestId = 856
16:28:36:162  WARN 1800 --- [reactor-http-nio-2] r.netty.http.client.HttpClientConnect    : [c84882e6-1, L:0.0.0.0/0.0.0.0:54620] The connection observed an error

reactor.netty.http.client.PrematureCloseException: Connection prematurely closed BEFORE response

16:28:36:193 ERROR 1800 --- [reactor-http-nio-2] a.w.r.e.AbstractErrorWebExceptionHandler : [4f064c76]  500 Server Error for HTTP POST "/orders"

reactor.netty.http.client.PrematureCloseException: Connection prematurely closed BEFORE response
	Suppressed: reactor.core.publisher.FluxOnAssembly$OnAssemblyException: 
Error has been observed at the following site(s):
	*__checkpoint ⇢ org.springframework.cloud.gateway.filter.WeightCalculatorWebFilter [DefaultWebFilterChain]
	*__checkpoint ⇢ HTTP POST "/orders" [ExceptionHandlingWebHandler]
Original Stack Trace:

16:28:36:219 ERROR 1800 --- [reactor-http-nio-2] o.s.w.s.adapter.HttpWebHandlerAdapter    : [4f064c76] Error [java.io.IOException: 你的主机中的软件中止了一个已建立的连接。] for HTTP null "/orders", but ServerHttpResponse already committed (500 INTERNAL_SERVER_ERROR)
16:29:25:141  INFO 1800 --- [nacos-grpc-client-executor-870] com.alibaba.nacos.common.remote.client   : [101f7740-9201-492d-b2a4-9b18d83f22c0] Receive server push request, request = NotifySubscriberRequest, requestId = 858
16:29:25:142  INFO 1800 --- [nacos-grpc-client-executor-870] com.alibaba.nacos.common.remote.client   : [101f7740-9201-492d-b2a4-9b18d83f22c0] Ack server push request, request = NotifySubscriberRequest, requestId = 858
19:24:40:992  INFO 1800 --- [nacos-grpc-client-executor-3245] com.alibaba.nacos.common.remote.client   : [101f7740-9201-492d-b2a4-9b18d83f22c0] Receive server push request, request = NotifySubscriberRequest, requestId = 863
19:24:40:993  INFO 1800 --- [nacos-grpc-client-executor-3245] com.alibaba.nacos.common.remote.client   : [101f7740-9201-492d-b2a4-9b18d83f22c0] Ack server push request, request = NotifySubscriberRequest, requestId = 863
19:24:55:201  INFO 1800 --- [nacos-grpc-client-executor-3249] com.alibaba.nacos.common.remote.client   : [101f7740-9201-492d-b2a4-9b18d83f22c0] Receive server push request, request = NotifySubscriberRequest, requestId = 866
19:24:55:202  INFO 1800 --- [nacos-grpc-client-executor-3249] com.alibaba.nacos.common.remote.client   : [101f7740-9201-492d-b2a4-9b18d83f22c0] Ack server push request, request = NotifySubscriberRequest, requestId = 866
19:25:27:707  INFO 1800 --- [nacos-grpc-client-executor-3257] com.alibaba.nacos.common.remote.client   : [101f7740-9201-492d-b2a4-9b18d83f22c0] Receive server push request, request = NotifySubscriberRequest, requestId = 871
19:25:27:708  INFO 1800 --- [nacos-grpc-client-executor-3257] com.alibaba.nacos.common.remote.client   : [101f7740-9201-492d-b2a4-9b18d83f22c0] Ack server push request, request = NotifySubscriberRequest, requestId = 871
19:25:38:859  INFO 1800 --- [nacos-grpc-client-executor-3260] com.alibaba.nacos.common.remote.client   : [101f7740-9201-492d-b2a4-9b18d83f22c0] Receive server push request, request = NotifySubscriberRequest, requestId = 876
19:25:38:860  INFO 1800 --- [nacos-grpc-client-executor-3260] com.alibaba.nacos.common.remote.client   : [101f7740-9201-492d-b2a4-9b18d83f22c0] Ack server push request, request = NotifySubscriberRequest, requestId = 876
19:26:05:702  INFO 1800 --- [nacos-grpc-client-executor-3266] com.alibaba.nacos.common.remote.client   : [101f7740-9201-492d-b2a4-9b18d83f22c0] Receive server push request, request = NotifySubscriberRequest, requestId = 881
19:26:05:703  INFO 1800 --- [nacos-grpc-client-executor-3266] com.alibaba.nacos.common.remote.client   : [101f7740-9201-492d-b2a4-9b18d83f22c0] Ack server push request, request = NotifySubscriberRequest, requestId = 881
19:26:28:242  INFO 1800 --- [nacos-grpc-client-executor-3272] com.alibaba.nacos.common.remote.client   : [101f7740-9201-492d-b2a4-9b18d83f22c0] Receive server push request, request = NotifySubscriberRequest, requestId = 883
19:26:28:243  INFO 1800 --- [nacos-grpc-client-executor-3272] com.alibaba.nacos.common.remote.client   : [101f7740-9201-492d-b2a4-9b18d83f22c0] Ack server push request, request = NotifySubscriberRequest, requestId = 883
19:27:00:771  INFO 1800 --- [nacos-grpc-client-executor-3280] com.alibaba.nacos.common.remote.client   : [101f7740-9201-492d-b2a4-9b18d83f22c0] Receive server push request, request = NotifySubscriberRequest, requestId = 891
19:27:00:772  INFO 1800 --- [nacos-grpc-client-executor-3280] com.alibaba.nacos.common.remote.client   : [101f7740-9201-492d-b2a4-9b18d83f22c0] Ack server push request, request = NotifySubscriberRequest, requestId = 891
22:31:52:540  INFO 1800 --- [com.alibaba.nacos.client.remote.worker] com.alibaba.nacos.common.remote.client   : [297c8a43-5f8f-41dc-bb24-0fadb40bbf85_config-0] Server healthy check fail, currentConnection = 1730445896435_192.168.154.1_63990
22:31:52:543  INFO 1800 --- [com.alibaba.nacos.client.remote.worker] com.alibaba.nacos.common.remote.client   : [297c8a43-5f8f-41dc-bb24-0fadb40bbf85_config-0] Try to reconnect to a new server, server is  not appointed, will choose a random server.
22:31:52:755 ERROR 1800 --- [com.alibaba.nacos.client.naming.updater.1] com.alibaba.nacos.common.remote.client   : Send request fail, request = ServiceQueryRequest{headers={}, requestId='null'}, retryTimes = 0, errorMessage = java.util.concurrent.TimeoutException: Waited 3000 milliseconds (plus 1 milliseconds, 183500 nanoseconds delay) for com.alibaba.nacos.shaded.io.grpc.stub.ClientCalls$GrpcFuture@4abd0048[status=PENDING, info=[GrpcFuture{clientCall={delegate={delegate=ClientCallImpl{method=MethodDescriptor{fullMethodName=Request/request, type=UNARY, idempotent=false, safe=false, sampledToLocalTracing=true, requestMarshaller=com.alibaba.nacos.shaded.io.grpc.protobuf.lite.ProtoLiteUtils$MessageMarshaller@23e4ca4e, responseMarshaller=com.alibaba.nacos.shaded.io.grpc.protobuf.lite.ProtoLiteUtils$MessageMarshaller@3063c1a3, schemaDescriptor=com.alibaba.nacos.api.grpc.auto.RequestGrpc$RequestMethodDescriptorSupplier@408dd494}}}}}]]
22:31:53:753  INFO 1800 --- [com.alibaba.nacos.client.remote.worker] com.alibaba.nacos.common.remote.client   : [101f7740-9201-492d-b2a4-9b18d83f22c0] Server check success, currentServer is 192.168.154.128:8848 
22:31:55:015  INFO 1800 --- [com.alibaba.nacos.client.remote.worker] com.alibaba.nacos.common.remote.client   : [297c8a43-5f8f-41dc-bb24-0fadb40bbf85_config-0] Success to connect a server [192.168.154.128:8848], connectionId = 1730471514897_192.168.154.1_60499
22:31:55:015  INFO 1800 --- [com.alibaba.nacos.client.remote.worker] com.alibaba.nacos.common.remote.client   : [297c8a43-5f8f-41dc-bb24-0fadb40bbf85_config-0] Abandon prev connection, server is 192.168.154.128:8848, connectionId is 1730445896435_192.168.154.1_63990
22:31:55:016  INFO 1800 --- [com.alibaba.nacos.client.remote.worker] com.alibaba.nacos.common.remote.client   : Close current connection 1730445896435_192.168.154.1_63990
22:31:55:018  INFO 1800 --- [nacos-grpc-client-executor-5143] c.a.n.c.remote.client.grpc.GrpcClient    : [1730445896435_192.168.154.1_63990]Ignore complete event,isRunning:false,isAbandon=true
22:31:55:025  INFO 1800 --- [com.alibaba.nacos.client.remote.worker] com.alibaba.nacos.common.remote.client   : [297c8a43-5f8f-41dc-bb24-0fadb40bbf85_config-0] Notify disconnected event to listeners
22:31:55:027  INFO 1800 --- [com.alibaba.nacos.client.remote.worker] com.alibaba.nacos.common.remote.client   : [297c8a43-5f8f-41dc-bb24-0fadb40bbf85_config-0] Notify connected event to listeners.
22:32:10:077 ERROR 1800 --- [com.alibaba.nacos.client.naming.updater.0] com.alibaba.nacos.common.remote.client   : Send request fail, request = ServiceQueryRequest{headers={}, requestId='null'}, retryTimes = 0, errorMessage = java.util.concurrent.TimeoutException: Waited 3000 milliseconds (plus 626300 nanoseconds delay) for com.alibaba.nacos.shaded.io.grpc.stub.ClientCalls$GrpcFuture@6e100fad[status=PENDING, info=[GrpcFuture{clientCall={delegate={delegate=ClientCallImpl{method=MethodDescriptor{fullMethodName=Request/request, type=UNARY, idempotent=false, safe=false, sampledToLocalTracing=true, requestMarshaller=com.alibaba.nacos.shaded.io.grpc.protobuf.lite.ProtoLiteUtils$MessageMarshaller@23e4ca4e, responseMarshaller=com.alibaba.nacos.shaded.io.grpc.protobuf.lite.ProtoLiteUtils$MessageMarshaller@3063c1a3, schemaDescriptor=com.alibaba.nacos.api.grpc.auto.RequestGrpc$RequestMethodDescriptorSupplier@408dd494}}}}}]]
22:32:12:181 ERROR 1800 --- [com.alibaba.nacos.client.naming.updater.0] com.alibaba.nacos.common.remote.client   : Send request fail, request = ServiceQueryRequest{headers={app=unknown}, requestId='null'}, retryTimes = 0, errorMessage = Client not connected, current status:UNHEALTHY
22:32:12:281 ERROR 1800 --- [com.alibaba.nacos.client.naming.updater.0] com.alibaba.nacos.common.remote.client   : Send request fail, request = ServiceQueryRequest{headers={app=unknown}, requestId='null'}, retryTimes = 1, errorMessage = Client not connected, current status:UNHEALTHY
22:32:12:382 ERROR 1800 --- [com.alibaba.nacos.client.naming.updater.0] com.alibaba.nacos.common.remote.client   : Send request fail, request = ServiceQueryRequest{headers={app=unknown}, requestId='null'}, retryTimes = 2, errorMessage = Client not connected, current status:UNHEALTHY
22:32:13:042  INFO 1800 --- [com.alibaba.nacos.client.remote.worker] com.alibaba.nacos.common.remote.client   : [297c8a43-5f8f-41dc-bb24-0fadb40bbf85_config-0] Server healthy check fail, currentConnection = 1730471514897_192.168.154.1_60499
22:32:13:042  INFO 1800 --- [com.alibaba.nacos.client.remote.worker] com.alibaba.nacos.common.remote.client   : [297c8a43-5f8f-41dc-bb24-0fadb40bbf85_config-0] Try to reconnect to a new server, server is  not appointed, will choose a random server.
22:32:13:078  INFO 1800 --- [com.alibaba.nacos.client.remote.worker] com.alibaba.nacos.common.remote.client   : [101f7740-9201-492d-b2a4-9b18d83f22c0] Try to reconnect to a new server, server is  not appointed, will choose a random server.
22:32:13:149  INFO 1800 --- [com.alibaba.nacos.client.remote.worker] com.alibaba.nacos.common.remote.client   : [297c8a43-5f8f-41dc-bb24-0fadb40bbf85_config-0] Success to connect a server [192.168.154.128:8848], connectionId = 1730471533034_192.168.154.1_60716
22:32:13:149  INFO 1800 --- [com.alibaba.nacos.client.remote.worker] com.alibaba.nacos.common.remote.client   : [297c8a43-5f8f-41dc-bb24-0fadb40bbf85_config-0] Abandon prev connection, server is 192.168.154.128:8848, connectionId is 1730471514897_192.168.154.1_60499
22:32:13:149  INFO 1800 --- [com.alibaba.nacos.client.remote.worker] com.alibaba.nacos.common.remote.client   : Close current connection 1730471514897_192.168.154.1_60499
22:32:13:150  INFO 1800 --- [com.alibaba.nacos.client.remote.worker] com.alibaba.nacos.common.remote.client   : [297c8a43-5f8f-41dc-bb24-0fadb40bbf85_config-0] Notify disconnected event to listeners
22:32:13:150  INFO 1800 --- [com.alibaba.nacos.client.remote.worker] com.alibaba.nacos.common.remote.client   : [297c8a43-5f8f-41dc-bb24-0fadb40bbf85_config-0] Notify connected event to listeners.
22:32:13:151  WARN 1800 --- [nacos-grpc-client-executor-5149] c.a.n.c.remote.client.grpc.GrpcClient    : [1730471514897_192.168.154.1_60499]Ignore error event,isRunning:true,isAbandon=true
22:32:13:188  INFO 1800 --- [com.alibaba.nacos.client.remote.worker] com.alibaba.nacos.common.remote.client   : [101f7740-9201-492d-b2a4-9b18d83f22c0] Success to connect a server [192.168.154.128:8848], connectionId = 1730471533074_192.168.154.1_60718
22:32:13:188  INFO 1800 --- [com.alibaba.nacos.client.remote.worker] com.alibaba.nacos.common.remote.client   : [101f7740-9201-492d-b2a4-9b18d83f22c0] Abandon prev connection, server is 192.168.154.128:8848, connectionId is 1730445902347_192.168.154.1_64161
22:32:13:188  INFO 1800 --- [com.alibaba.nacos.client.remote.worker] com.alibaba.nacos.common.remote.client   : Close current connection 1730445902347_192.168.154.1_64161
22:32:13:189  WARN 1800 --- [nacos-grpc-client-executor-5738] c.a.n.c.remote.client.grpc.GrpcClient    : [1730445902347_192.168.154.1_64161]Ignore error event,isRunning:true,isAbandon=true
22:32:13:189  INFO 1800 --- [com.alibaba.nacos.client.remote.worker] com.alibaba.nacos.common.remote.client   : [101f7740-9201-492d-b2a4-9b18d83f22c0] Notify disconnected event to listeners
22:32:13:192  INFO 1800 --- [com.alibaba.nacos.client.remote.worker] com.alibaba.nacos.common.remote.client   : [101f7740-9201-492d-b2a4-9b18d83f22c0] Notify connected event to listeners.
22:32:15:764  INFO 1800 --- [nacos-grpc-client-executor-5748] com.alibaba.nacos.common.remote.client   : [101f7740-9201-492d-b2a4-9b18d83f22c0] Receive server push request, request = NotifySubscriberRequest, requestId = 910
22:32:15:764  INFO 1800 --- [nacos-grpc-client-executor-5748] com.alibaba.nacos.common.remote.client   : [101f7740-9201-492d-b2a4-9b18d83f22c0] Ack server push request, request = NotifySubscriberRequest, requestId = 910
22:32:15:765  INFO 1800 --- [nacos-grpc-client-executor-5749] com.alibaba.nacos.common.remote.client   : [101f7740-9201-492d-b2a4-9b18d83f22c0] Receive server push request, request = NotifySubscriberRequest, requestId = 911
22:32:15:765  INFO 1800 --- [nacos-grpc-client-executor-5749] com.alibaba.nacos.common.remote.client   : [101f7740-9201-492d-b2a4-9b18d83f22c0] Ack server push request, request = NotifySubscriberRequest, requestId = 911
22:32:15:767  INFO 1800 --- [nacos-grpc-client-executor-5750] com.alibaba.nacos.common.remote.client   : [101f7740-9201-492d-b2a4-9b18d83f22c0] Receive server push request, request = NotifySubscriberRequest, requestId = 912
22:32:15:767  INFO 1800 --- [nacos-grpc-client-executor-5750] com.alibaba.nacos.common.remote.client   : [101f7740-9201-492d-b2a4-9b18d83f22c0] Ack server push request, request = NotifySubscriberRequest, requestId = 912
22:32:15:768  INFO 1800 --- [nacos-grpc-client-executor-5751] com.alibaba.nacos.common.remote.client   : [101f7740-9201-492d-b2a4-9b18d83f22c0] Receive server push request, request = NotifySubscriberRequest, requestId = 913
22:32:15:768  INFO 1800 --- [nacos-grpc-client-executor-5751] com.alibaba.nacos.common.remote.client   : [101f7740-9201-492d-b2a4-9b18d83f22c0] Ack server push request, request = NotifySubscriberRequest, requestId = 913
22:32:15:769  INFO 1800 --- [nacos-grpc-client-executor-5752] com.alibaba.nacos.common.remote.client   : [101f7740-9201-492d-b2a4-9b18d83f22c0] Receive server push request, request = NotifySubscriberRequest, requestId = 909
22:32:15:770  INFO 1800 --- [nacos-grpc-client-executor-5752] com.alibaba.nacos.common.remote.client   : [101f7740-9201-492d-b2a4-9b18d83f22c0] Ack server push request, request = NotifySubscriberRequest, requestId = 909
22:32:15:772  INFO 1800 --- [nacos-grpc-client-executor-5753] com.alibaba.nacos.common.remote.client   : [101f7740-9201-492d-b2a4-9b18d83f22c0] Receive server push request, request = NotifySubscriberRequest, requestId = 914
22:32:15:772  INFO 1800 --- [nacos-grpc-client-executor-5753] com.alibaba.nacos.common.remote.client   : [101f7740-9201-492d-b2a4-9b18d83f22c0] Ack server push request, request = NotifySubscriberRequest, requestId = 914
